# JRE version: OpenJDK Runtime Environment (8.0_242-b01) (build 1.8.0_242-release-1644-b01)
# Java VM: OpenJDK 64-Bit Server VM (25.242-b01 mixed mode windows-amd64 compressed oops)
Heap:
 PSYoungGen      total 538112K, used 88727K [0x00000000d5580000, 0x00000000fcc00000, 0x0000000100000000)
  eden space 468480K, 12% used [0x00000000d5580000,0x00000000d8c75040,0x00000000f1f00000)
  from space 69632K, 46% used [0x00000000f8800000,0x00000000fa7b0d40,0x00000000fcc00000)
  to   space 88576K, 0% used [0x00000000f1f00000,0x00000000f1f00000,0x00000000f7580000)
 ParOldGen       total 388608K, used 83558K [0x0000000080000000, 0x0000000097b80000, 0x00000000d5580000)
  object space 388608K, 21% used [0x0000000080000000,0x0000000085199998,0x0000000097b80000)
 Metaspace       used 108723K, capacity 114680K, committed 120600K, reserved 1155072K
  class space    used 13650K, capacity 14661K, committed 15896K, reserved 1048576K
GC Heap History (10 events):
Event: 2808.194 GC heap before
{Heap before GC invocations=23 (full 4):
 PSYoungGen      total 584192K, used 584175K [0x00000000d5580000, 0x00000000ff700000, 0x0000000100000000)
  eden space 518656K, 100% used [0x00000000d5580000,0x00000000f5000000,0x00000000f5000000)
  from space 65536K, 99% used [0x00000000fa800000,0x00000000fe7fbd18,0x00000000fe800000)
  to   space 85504K, 0% used [0x00000000f5000000,0x00000000f5000000,0x00000000fa380000)
 ParOldGen       total 388608K, used 168512K [0x0000000080000000, 0x0000000097b80000, 0x00000000d5580000)
  object space 388608K, 43% used [0x0000000080000000,0x000000008a4901d8,0x0000000097b80000)
 Metaspace       used 110236K, capacity 117844K, committed 118168K, reserved 1150976K
  class space    used 14196K, capacity 15655K, committed 15768K, reserved 1048576K
Event: 2808.233 GC heap after
Heap after GC invocations=23 (full 4):
 PSYoungGen      total 546304K, used 44906K [0x00000000d5580000, 0x00000000fe300000, 0x0000000100000000)
  eden space 501248K, 0% used [0x00000000d5580000,0x00000000d5580000,0x00000000f3f00000)
  from space 45056K, 99% used [0x00000000f5000000,0x00000000f7bda910,0x00000000f7c00000)
  to   space 83968K, 0% used [0x00000000f9100000,0x00000000f9100000,0x00000000fe300000)
 ParOldGen       total 388608K, used 188979K [0x0000000080000000, 0x0000000097b80000, 0x00000000d5580000)
  object space 388608K, 48% used [0x0000000080000000,0x000000008b88cfb8,0x0000000097b80000)
 Metaspace       used 110236K, capacity 117844K, committed 118168K, reserved 1150976K
  class space    used 14196K, capacity 15655K, committed 15768K, reserved 1048576K
}
Event: 2812.305 GC heap before
{Heap before GC invocations=24 (full 4):
 PSYoungGen      total 546304K, used 546154K [0x00000000d5580000, 0x00000000fe300000, 0x0000000100000000)
  eden space 501248K, 100% used [0x00000000d5580000,0x00000000f3f00000,0x00000000f3f00000)
  from space 45056K, 99% used [0x00000000f5000000,0x00000000f7bda910,0x00000000f7c00000)
  to   space 83968K, 0% used [0x00000000f9100000,0x00000000f9100000,0x00000000fe300000)
 ParOldGen       total 388608K, used 188979K [0x0000000080000000, 0x0000000097b80000, 0x00000000d5580000)
  object space 388608K, 48% used [0x0000000080000000,0x000000008b88cfb8,0x0000000097b80000)
 Metaspace       used 112680K, capacity 120464K, committed 120600K, reserved 1155072K
  class space    used 14345K, capacity 15835K, committed 15896K, reserved 1048576K
Event: 2812.343 GC heap after
Heap after GC invocations=24 (full 4):
 PSYoungGen      total 568320K, used 77442K [0x00000000d5580000, 0x00000000fe680000, 0x0000000100000000)
  eden space 484352K, 0% used [0x00000000d5580000,0x00000000d5580000,0x00000000f2e80000)
  from space 83968K, 92% used [0x00000000f9100000,0x00000000fdca0830,0x00000000fe300000)
  to   space 94208K, 0% used [0x00000000f2e80000,0x00000000f2e80000,0x00000000f8a80000)
 ParOldGen       total 388608K, used 188987K [0x0000000080000000, 0x0000000097b80000, 0x00000000d5580000)
  object space 388608K, 48% used [0x0000000080000000,0x000000008b88efb8,0x0000000097b80000)
 Metaspace       used 112680K, capacity 120464K, committed 120600K, reserved 1155072K
  class space    used 14345K, capacity 15835K, committed 15896K, reserved 1048576K
}
Event: 3622.372 GC heap before
{Heap before GC invocations=25 (full 4):
 PSYoungGen      total 568320K, used 338033K [0x00000000d5580000, 0x00000000fe680000, 0x0000000100000000)
  eden space 484352K, 53% used [0x00000000d5580000,0x00000000e53fbd38,0x00000000f2e80000)
  from space 83968K, 92% used [0x00000000f9100000,0x00000000fdca0830,0x00000000fe300000)
  to   space 94208K, 0% used [0x00000000f2e80000,0x00000000f2e80000,0x00000000f8a80000)
 ParOldGen       total 388608K, used 188987K [0x0000000080000000, 0x0000000097b80000, 0x00000000d5580000)
  object space 388608K, 48% used [0x0000000080000000,0x000000008b88efb8,0x0000000097b80000)
 Metaspace       used 112779K, capacity 120494K, committed 120600K, reserved 1155072K
  class space    used 14346K, capacity 15838K, committed 15896K, reserved 1048576K
Event: 3622.387 GC heap after
Heap after GC invocations=25 (full 4):
 PSYoungGen      total 534016K, used 49173K [0x00000000d5580000, 0x00000000fe180000, 0x0000000100000000)
  eden space 484352K, 0% used [0x00000000d5580000,0x00000000d5580000,0x00000000f2e80000)
  from space 49664K, 99% used [0x00000000f2e80000,0x00000000f5e856f8,0x00000000f5f00000)
  to   space 91648K, 0% used [0x00000000f8800000,0x00000000f8800000,0x00000000fe180000)
 ParOldGen       total 388608K, used 188995K [0x0000000080000000, 0x0000000097b80000, 0x00000000d5580000)
  object space 388608K, 48% used [0x0000000080000000,0x000000008b890fb8,0x0000000097b80000)
 Metaspace       used 112779K, capacity 120494K, committed 120600K, reserved 1155072K
  class space    used 14346K, capacity 15838K, committed 15896K, reserved 1048576K
}
Event: 3622.387 GC heap before
{Heap before GC invocations=26 (full 5):
 PSYoungGen      total 534016K, used 49173K [0x00000000d5580000, 0x00000000fe180000, 0x0000000100000000)
  eden space 484352K, 0% used [0x00000000d5580000,0x00000000d5580000,0x00000000f2e80000)
  from space 49664K, 99% used [0x00000000f2e80000,0x00000000f5e856f8,0x00000000f5f00000)
  to   space 91648K, 0% used [0x00000000f8800000,0x00000000f8800000,0x00000000fe180000)
 ParOldGen       total 388608K, used 188995K [0x0000000080000000, 0x0000000097b80000, 0x00000000d5580000)
  object space 388608K, 48% used [0x0000000080000000,0x000000008b890fb8,0x0000000097b80000)
 Metaspace       used 112779K, capacity 120494K, committed 120600K, reserved 1155072K
  class space    used 14346K, capacity 15838K, committed 15896K, reserved 1048576K
Event: 3622.662 GC heap after
Heap after GC invocations=26 (full 5):
 PSYoungGen      total 534016K, used 0K [0x00000000d5580000, 0x00000000fe180000, 0x0000000100000000)
  eden space 484352K, 0% used [0x00000000d5580000,0x00000000d5580000,0x00000000f2e80000)
  from space 49664K, 0% used [0x00000000f2e80000,0x00000000f2e80000,0x00000000f5f00000)
  to   space 91648K, 0% used [0x00000000f8800000,0x00000000f8800000,0x00000000fe180000)
 ParOldGen       total 388608K, used 83550K [0x0000000080000000, 0x0000000097b80000, 0x00000000d5580000)
  object space 388608K, 21% used [0x0000000080000000,0x0000000085197998,0x0000000097b80000)
 Metaspace       used 108317K, capacity 114012K, committed 120600K, reserved 1155072K
  class space    used 13610K, capacity 14590K, committed 15896K, reserved 1048576K
}
Event: 4302.988 GC heap before
{Heap before GC invocations=27 (full 5):
 PSYoungGen      total 534016K, used 484350K [0x00000000d5580000, 0x00000000fe180000, 0x0000000100000000)
  eden space 484352K, 99% used [0x00000000d5580000,0x00000000f2e7fba8,0x00000000f2e80000)
  from space 49664K, 0% used [0x00000000f2e80000,0x00000000f2e80000,0x00000000f5f00000)
  to   space 91648K, 0% used [0x00000000f8800000,0x00000000f8800000,0x00000000fe180000)
 ParOldGen       total 388608K, used 83550K [0x0000000080000000, 0x0000000097b80000, 0x00000000d5580000)
  object space 388608K, 21% used [0x0000000080000000,0x0000000085197998,0x0000000097b80000)
 Metaspace       used 108680K, capacity 114616K, committed 120600K, reserved 1155072K
  class space    used 13650K, capacity 14661K, committed 15896K, reserved 1048576K
Event: 4303.024 GC heap after
Heap after GC invocations=27 (full 5):
 PSYoungGen      total 538112K, used 32451K [0x00000000d5580000, 0x00000000fcc00000, 0x0000000100000000)
  eden space 468480K, 0% used [0x00000000d5580000,0x00000000d5580000,0x00000000f1f00000)
  from space 69632K, 46% used [0x00000000f8800000,0x00000000fa7b0d40,0x00000000fcc00000)
  to   space 88576K, 0% used [0x00000000f1f00000,0x00000000f1f00000,0x00000000f7580000)
 ParOldGen       total 388608K, used 83558K [0x0000000080000000, 0x0000000097b80000, 0x00000000d5580000)
  object space 388608K, 21% used [0x0000000080000000,0x0000000085199998,0x0000000097b80000)
 Metaspace       used 108680K, capacity 114616K, committed 120600K, reserved 1155072K
  class space    used 13650K, capacity 14661K, committed 15896K, reserved 1048576K
}

